This is pdfTeX, Version 3.141592653-2.6-1.40.27 (TeX Live 2025/nixos.org) (preloaded format=pdflatex 1980.1.1)  7 AUG 2025 22:17
entering extended mode
 restricted \write18 enabled.
 %&-line parsing enabled.
**main.tex
(./main.tex
LaTeX2e <2025-06-01> patch level 1
L3 programming layer <2025-06-09>

(/nix/store/fj6m46sdmirlhjlwyc0w50qbpbd3n6pp-texlive-combined-full-2025.2025070
3-texmfdist/tex/latex/base/report.cls
Document Class: report 2025/01/22 v1.4n Standard LaTeX document class

(/nix/store/fj6m46sdmirlhjlwyc0w50qbpbd3n6pp-texlive-combined-full-2025.2025070
3-texmfdist/tex/latex/base/size12.clo
File: size12.clo 2025/01/22 v1.4n Standard LaTeX file (size option)
)
\c@part=\count275
\c@chapter=\count276
\c@section=\count277
\c@subsection=\count278
\c@subsubsection=\count279
\c@paragraph=\count280
\c@subparagraph=\count281
\c@figure=\count282
\c@table=\count283
\abovecaptionskip=\skip49
\belowcaptionskip=\skip50
\bibindent=\dimen148
)
(/nix/store/fj6m46sdmirlhjlwyc0w50qbpbd3n6pp-texlive-combined-full-2025.2025070
3-texmfdist/tex/latex/base/inputenc.sty
Package: inputenc 2024/02/08 v1.3d Input encoding file
\inpenc@prehook=\toks17
\inpenc@posthook=\toks18
)
(/nix/store/fj6m46sdmirlhjlwyc0w50qbpbd3n6pp-texlive-combined-full-2025.2025070
3-texmfdist/tex/latex/base/fontenc.sty
Package: fontenc 2024/12/21 v2.1c Standard LaTeX package
)
(/nix/store/fj6m46sdmirlhjlwyc0w50qbpbd3n6pp-texlive-combined-full-2025.2025070
3-texmfdist/tex/generic/babel/babel.sty
Package: babel 2025/06/10 v25.10 The multilingual framework for pdfLaTeX, LuaLa
TeX and XeLaTeX
\babel@savecnt=\count284
LaTeX Encoding Info:    Redeclaring text command \ij (encoding OT1) on input li
ne 2043.
LaTeX Encoding Info:    Redeclaring text command \IJ (encoding OT1) on input li
ne 2045.
LaTeX Encoding Info:    Redeclaring text command \ij (encoding T1) on input lin
e 2047.
LaTeX Encoding Info:    Redeclaring text command \IJ (encoding T1) on input lin
e 2048.
LaTeX Encoding Info:    Ignoring declaration for text command \ij (encoding ?) 
on input line 2049.
LaTeX Encoding Info:    Ignoring declaration for text command \IJ (encoding ?) 
on input line 2051.
LaTeX Encoding Info:    Ignoring declaration for text command \SS (encoding ?) 
on input line 2076.
\U@D=\dimen149
\l@unhyphenated=\language90

(/nix/store/fj6m46sdmirlhjlwyc0w50qbpbd3n6pp-texlive-combined-full-2025.2025070
3-texmfdist/tex/generic/babel/txtbabel.def)
\bbl@readstream=\read2
\bbl@dirlevel=\count285

(/nix/store/fj6m46sdmirlhjlwyc0w50qbpbd3n6pp-texlive-combined-full-2025.2025070
3-texmfdist/tex/generic/babel-german/ngerman.ldf
Language: ngerman 2024/12/10 v2.15 German support for babel (post-1996 orthogra
phy)

(/nix/store/fj6m46sdmirlhjlwyc0w50qbpbd3n6pp-texlive-combined-full-2025.2025070
3-texmfdist/tex/generic/babel/locale/de/babel-ngerman.tex
Package babel Info: Importing font and identification data for ngerman
(babel)             from babel-de.ini. Reported on input line 11.
)
(/nix/store/fj6m46sdmirlhjlwyc0w50qbpbd3n6pp-texlive-combined-full-2025.2025070
3-texmfdist/tex/generic/babel-german/ngermanb.ldf
Language: ngermanb 2024/12/10 v2.15 German support for babel (post-1996 orthogr
aphy)
Package babel Info: Making " an active character on input line 122.
)))
(/nix/store/fj6m46sdmirlhjlwyc0w50qbpbd3n6pp-texlive-combined-full-2025.2025070
3-texmfdist/tex/latex/lm/lmodern.sty
Package: lmodern 2015/05/01 v1.6.1 Latin Modern Fonts
LaTeX Font Info:    Overwriting symbol font `operators' in version `normal'
(Font)                  OT1/cmr/m/n --> OT1/lmr/m/n on input line 22.
LaTeX Font Info:    Overwriting symbol font `letters' in version `normal'
(Font)                  OML/cmm/m/it --> OML/lmm/m/it on input line 23.
LaTeX Font Info:    Overwriting symbol font `symbols' in version `normal'
(Font)                  OMS/cmsy/m/n --> OMS/lmsy/m/n on input line 24.
LaTeX Font Info:    Overwriting symbol font `largesymbols' in version `normal'
(Font)                  OMX/cmex/m/n --> OMX/lmex/m/n on input line 25.
LaTeX Font Info:    Overwriting symbol font `operators' in version `bold'
(Font)                  OT1/cmr/bx/n --> OT1/lmr/bx/n on input line 26.
LaTeX Font Info:    Overwriting symbol font `letters' in version `bold'
(Font)                  OML/cmm/b/it --> OML/lmm/b/it on input line 27.
LaTeX Font Info:    Overwriting symbol font `symbols' in version `bold'
(Font)                  OMS/cmsy/b/n --> OMS/lmsy/b/n on input line 28.
LaTeX Font Info:    Overwriting symbol font `largesymbols' in version `bold'
(Font)                  OMX/cmex/m/n --> OMX/lmex/m/n on input line 29.
LaTeX Font Info:    Overwriting math alphabet `\mathbf' in version `normal'
(Font)                  OT1/cmr/bx/n --> OT1/lmr/bx/n on input line 31.
LaTeX Font Info:    Overwriting math alphabet `\mathsf' in version `normal'
(Font)                  OT1/cmss/m/n --> OT1/lmss/m/n on input line 32.
LaTeX Font Info:    Overwriting math alphabet `\mathit' in version `normal'
(Font)                  OT1/cmr/m/it --> OT1/lmr/m/it on input line 33.
LaTeX Font Info:    Overwriting math alphabet `\mathtt' in version `normal'
(Font)                  OT1/cmtt/m/n --> OT1/lmtt/m/n on input line 34.
LaTeX Font Info:    Overwriting math alphabet `\mathbf' in version `bold'
(Font)                  OT1/cmr/bx/n --> OT1/lmr/bx/n on input line 35.
LaTeX Font Info:    Overwriting math alphabet `\mathsf' in version `bold'
(Font)                  OT1/cmss/bx/n --> OT1/lmss/bx/n on input line 36.
LaTeX Font Info:    Overwriting math alphabet `\mathit' in version `bold'
(Font)                  OT1/cmr/bx/it --> OT1/lmr/bx/it on input line 37.
LaTeX Font Info:    Overwriting math alphabet `\mathtt' in version `bold'
(Font)                  OT1/cmtt/m/n --> OT1/lmtt/m/n on input line 38.
)
(/nix/store/fj6m46sdmirlhjlwyc0w50qbpbd3n6pp-texlive-combined-full-2025.2025070
3-texmfdist/tex/latex/enumitem/enumitem.sty
Package: enumitem 2025/02/06 v3.11 Customized lists
\enitkv@toks@=\toks19
\labelindent=\skip51
\enit@outerparindent=\dimen150
\enit@toks=\toks20
\enit@inbox=\box53
\enit@count@id=\count286
\enitdp@description=\count287
)
(/nix/store/fj6m46sdmirlhjlwyc0w50qbpbd3n6pp-texlive-combined-full-2025.2025070
3-texmfdist/tex/latex/xcolor/xcolor.sty
Package: xcolor 2024/09/29 v3.02 LaTeX color extensions (UK)

(/nix/store/fj6m46sdmirlhjlwyc0w50qbpbd3n6pp-texlive-combined-full-2025.2025070
3-texmfdist/tex/latex/graphics-cfg/color.cfg
File: color.cfg 2016/01/02 v1.6 sample color configuration
)
Package xcolor Info: Driver file: pdftex.def on input line 274.

(/nix/store/fj6m46sdmirlhjlwyc0w50qbpbd3n6pp-texlive-combined-full-2025.2025070
3-texmfdist/tex/latex/graphics-def/pdftex.def
File: pdftex.def 2024/04/13 v1.2c Graphics/color driver for pdftex
)
(/nix/store/fj6m46sdmirlhjlwyc0w50qbpbd3n6pp-texlive-combined-full-2025.2025070
3-texmfdist/tex/latex/graphics/mathcolor.ltx)
Package xcolor Info: Model `cmy' substituted by `cmy0' on input line 1349.
Package xcolor Info: Model `hsb' substituted by `rgb' on input line 1353.
Package xcolor Info: Model `RGB' extended on input line 1365.
Package xcolor Info: Model `HTML' substituted by `rgb' on input line 1367.
Package xcolor Info: Model `Hsb' substituted by `hsb' on input line 1368.
Package xcolor Info: Model `tHsb' substituted by `hsb' on input line 1369.
Package xcolor Info: Model `HSB' substituted by `hsb' on input line 1370.
Package xcolor Info: Model `Gray' substituted by `gray' on input line 1371.
Package xcolor Info: Model `wave' substituted by `hsb' on input line 1372.
)
LaTeX Font Info:    Trying to load font information for T1+lmr on input line 15
.

(/nix/store/fj6m46sdmirlhjlwyc0w50qbpbd3n6pp-texlive-combined-full-2025.2025070
3-texmfdist/tex/latex/lm/t1lmr.fd
File: t1lmr.fd 2015/05/01 v1.6.1 Font defs for Latin Modern
)
(/nix/store/fj6m46sdmirlhjlwyc0w50qbpbd3n6pp-texlive-combined-full-2025.2025070
3-texmfdist/tex/latex/l3backend/l3backend-pdftex.def
File: l3backend-pdftex.def 2025-06-09 L3 backend support: PDF output (pdfTeX)
\l__color_backend_stack_int=\count288
) (./main.aux
Package babel Info: 'ngerman' activates 'ngerman' shorthands.
(babel)             Reported  on input line 5.
)
\openout1 = `main.aux'.

LaTeX Font Info:    Checking defaults for OML/cmm/m/it on input line 15.
LaTeX Font Info:    ... okay on input line 15.
LaTeX Font Info:    Checking defaults for OMS/cmsy/m/n on input line 15.
LaTeX Font Info:    ... okay on input line 15.
LaTeX Font Info:    Checking defaults for OT1/cmr/m/n on input line 15.
LaTeX Font Info:    ... okay on input line 15.
LaTeX Font Info:    Checking defaults for T1/cmr/m/n on input line 15.
LaTeX Font Info:    ... okay on input line 15.
LaTeX Font Info:    Checking defaults for TS1/cmr/m/n on input line 15.
LaTeX Font Info:    ... okay on input line 15.
LaTeX Font Info:    Checking defaults for OMX/cmex/m/n on input line 15.
LaTeX Font Info:    ... okay on input line 15.
LaTeX Font Info:    Checking defaults for U/cmr/m/n on input line 15.
LaTeX Font Info:    ... okay on input line 15.

(/nix/store/fj6m46sdmirlhjlwyc0w50qbpbd3n6pp-texlive-combined-full-2025.2025070
3-texmfdist/tex/context/base/mkii/supp-pdf.mkii
[Loading MPS to PDF converter (version 2006.09.02).]
\scratchcounter=\count289
\scratchdimen=\dimen151
\scratchbox=\box54
\nofMPsegments=\count290
\nofMParguments=\count291
\everyMPshowfont=\toks21
\MPscratchCnt=\count292
\MPscratchDim=\dimen152
\MPnumerator=\count293
\makeMPintoPDFobject=\count294
\everyMPtoPDFconversion=\toks22
)
LaTeX Font Info:    Trying to load font information for OT1+lmr on input line 2
5.

(/nix/store/fj6m46sdmirlhjlwyc0w50qbpbd3n6pp-texlive-combined-full-2025.2025070
3-texmfdist/tex/latex/lm/ot1lmr.fd
File: ot1lmr.fd 2015/05/01 v1.6.1 Font defs for Latin Modern
)
LaTeX Font Info:    Trying to load font information for OML+lmm on input line 2
5.

(/nix/store/fj6m46sdmirlhjlwyc0w50qbpbd3n6pp-texlive-combined-full-2025.2025070
3-texmfdist/tex/latex/lm/omllmm.fd
File: omllmm.fd 2015/05/01 v1.6.1 Font defs for Latin Modern
)
LaTeX Font Info:    Trying to load font information for OMS+lmsy on input line 
25.

(/nix/store/fj6m46sdmirlhjlwyc0w50qbpbd3n6pp-texlive-combined-full-2025.2025070
3-texmfdist/tex/latex/lm/omslmsy.fd
File: omslmsy.fd 2015/05/01 v1.6.1 Font defs for Latin Modern
)
LaTeX Font Info:    Trying to load font information for OMX+lmex on input line 
25.

(/nix/store/fj6m46sdmirlhjlwyc0w50qbpbd3n6pp-texlive-combined-full-2025.2025070
3-texmfdist/tex/latex/lm/omxlmex.fd
File: omxlmex.fd 2015/05/01 v1.6.1 Font defs for Latin Modern
)
LaTeX Font Info:    External font `lmex10' loaded for size
(Font)              <12> on input line 25.
LaTeX Font Info:    External font `lmex10' loaded for size
(Font)              <8> on input line 25.
LaTeX Font Info:    External font `lmex10' loaded for size
(Font)              <6> on input line 25.


[1

{/nix/store/rl3pj7i15px7sbm9damyrxgv3ni3dqr8-texlive-combined-full-2025.2025070
3/share/texmf-var/fonts/map/pdftex/updmap/pdftex.map}{/nix/store/fj6m46sdmirlhj
lwyc0w50qbpbd3n6pp-texlive-combined-full-2025.20250703-texmfdist/fonts/enc/dvip
s/lm/lm-ec.enc}]

[1

] (./main.toc

[2

])
\tf@toc=\write3
\openout3 = `main.toc'.



[3] (./main.lof)
\tf@lof=\write4
\openout4 = `main.lof'.



[4

] (./main.lot)
\tf@lot=\write5
\openout5 = `main.lot'.



[5

]
Kapitel 1.

Underfull \hbox (badness 10000) in paragraph at lines 49--50

 []


Underfull \hbox (badness 10000) in paragraph at lines 51--52

 []



[6

]
Underfull \hbox (badness 10000) in paragraph at lines 77--78

 []


Underfull \hbox (badness 10000) in paragraph at lines 119--120

 []



[7]
Overfull \hbox (28.3839pt too wide) in paragraph at lines 146--150
\T1/lmr/m/n/12 täts-me-tri-ken in-di-vi-du-el-le Mass-nah-men vor-schla-gen. Di
e-se KI-gestützten
 []



[8]
Kapitel 2.

Underfull \hbox (badness 10000) in paragraph at lines 154--155

 []



[9

]
Kapitel 3.

Underfull \hbox (badness 10000) in paragraph at lines 160--163

 []



[10

]
Overfull \hbox (10.29694pt too wide) in paragraph at lines 181--183
[]\T1/lmr/m/n/12 bietet Das-h-boards zu Com-mits, Pull-Requests und Release-
 []


Overfull \hbox (27.41313pt too wide) in paragraph at lines 184--188
\T1/lmr/m/n/12 mu-ni-ka-ti-ons-da-ten ab-ge-lei-tet, oh-ne je-de Kopp-lung an t
at-säch-li-che Entwickler-
 []

LaTeX Font Info:    Trying to load font information for TS1+lmr on input line 1
94.

(/nix/store/fj6m46sdmirlhjlwyc0w50qbpbd3n6pp-texlive-combined-full-2025.2025070
3-texmfdist/tex/latex/lm/ts1lmr.fd
File: ts1lmr.fd 2015/05/01 v1.6.1 Font defs for Latin Modern
)

[11{/nix/store/fj6m46sdmirlhjlwyc0w50qbpbd3n6pp-texlive-combined-full-2025.2025
0703-texmfdist/fonts/enc/dvips/lm/lm-ts1.enc}]
Kapitel 4.

Underfull \hbox (badness 10000) in paragraph at lines 201--202

 []


Underfull \hbox (badness 10000) in paragraph at lines 206--207

 []



[12

]
Kapitel 5.

Overfull \hbox (124.18828pt too wide) in paragraph at lines 211--212
[][][][][][] 
 []


Underfull \hbox (badness 10000) in paragraph at lines 211--212

 []


Underfull \hbox (badness 10000) in paragraph at lines 216--217

 []


Underfull \hbox (badness 10000) in paragraph at lines 222--224

 []



[13

]
Underfull \hbox (badness 10000) in paragraph at lines 253--254

 []



[14]
Kapitel 6.

Underfull \hbox (badness 10000) in paragraph at lines 264--265

 []


Overfull \hbox (125.68976pt too wide) in paragraph at lines 267--270
[][][][][][] 
 []


Underfull \hbox (badness 10000) in paragraph at lines 267--270

 []



[15

]
Kapitel 7.

Underfull \hbox (badness 10000) in paragraph at lines 272--273

 []



[16

]
Kapitel 8.


[17

] (./main.aux)
 ***********
LaTeX2e <2025-06-01> patch level 1
L3 programming layer <2025-06-09>
 ***********
 ) 
Here is how much of TeX's memory you used:
 3355 strings out of 467888
 58388 string characters out of 5405403
 472533 words of memory out of 5000000
 31891 multiletter control sequences out of 15000+600000
 663307 words of font info for 61 fonts, out of 8000000 for 9000
 1141 hyphenation exceptions out of 8191
 48i,6n,56p,228b,257s stack positions out of 10000i,1000n,20000p,200000b,200000s
</nix/store/fj6m46sdmirlhjlwyc0w50qbpbd3n6pp-texlive-combined-full-2025.20250
703-texmfdist/fonts/type1/public/lm/lmbx12.pfb></nix/store/fj6m46sdmirlhjlwyc0w
50qbpbd3n6pp-texlive-combined-full-2025.20250703-texmfdist/fonts/type1/public/l
m/lmr12.pfb>
Output written on main.pdf (18 pages, 87525 bytes).
PDF statistics:
 77 PDF objects out of 1000 (max. 8388607)
 51 compressed objects within 1 object stream
 0 named destinations out of 1000 (max. 500000)
 1 words of extra memory for PDF output out of 10000 (max. 10000000)

